<?xml version="1.0" encoding="UTF-8"?>
<coverage generated="1667573037449" clover="3.2.0">
  <project timestamp="1667573037449" name="All files">
    <metrics statements="43" coveredstatements="21" conditionals="9" coveredconditionals="9" methods="4" coveredmethods="1" elements="56" coveredelements="31" complexity="0" loc="43" ncloc="43" packages="1" files="1" classes="1"/>
    <file name="index.ts" path="/Users/efstathiadisd/Projects/niflheim/packages/core/src/utils/index.ts">
      <metrics statements="43" coveredstatements="21" conditionals="9" coveredconditionals="9" methods="4" coveredmethods="1"/>
      <line num="1" count="1" type="stmt"/>
      <line num="2" count="0" type="stmt"/>
      <line num="3" count="0" type="stmt"/>
      <line num="4" count="0" type="stmt"/>
      <line num="5" count="0" type="stmt"/>
      <line num="6" count="0" type="stmt"/>
      <line num="7" count="0" type="stmt"/>
      <line num="8" count="0" type="stmt"/>
      <line num="9" count="0" type="stmt"/>
      <line num="10" count="0" type="stmt"/>
      <line num="11" count="0" type="stmt"/>
      <line num="12" count="0" type="stmt"/>
      <line num="13" count="0" type="stmt"/>
      <line num="14" count="0" type="stmt"/>
      <line num="15" count="0" type="stmt"/>
      <line num="16" count="0" type="stmt"/>
      <line num="17" count="0" type="stmt"/>
      <line num="18" count="0" type="stmt"/>
      <line num="19" count="0" type="stmt"/>
      <line num="20" count="0" type="stmt"/>
      <line num="21" count="0" type="stmt"/>
      <line num="22" count="0" type="stmt"/>
      <line num="23" count="0" type="stmt"/>
      <line num="24" count="23" type="cond" truecount="1" falsecount="0"/>
      <line num="25" count="23" type="cond" truecount="2" falsecount="0"/>
      <line num="26" count="6" type="cond" truecount="1" falsecount="0"/>
      <line num="27" count="5" type="stmt"/>
      <line num="28" count="5" type="stmt"/>
      <line num="29" count="6" type="cond" truecount="1" falsecount="0"/>
      <line num="30" count="1" type="stmt"/>
      <line num="31" count="1" type="stmt"/>
      <line num="32" count="23" type="cond" truecount="3" falsecount="0"/>
      <line num="33" count="7" type="stmt"/>
      <line num="34" count="7" type="stmt"/>
      <line num="35" count="7" type="stmt"/>
      <line num="36" count="23" type="cond" truecount="1" falsecount="0"/>
      <line num="37" count="10" type="stmt"/>
      <line num="38" count="23" type="stmt"/>
      <line num="39" count="1" type="stmt"/>
      <line num="40" count="1" type="stmt"/>
      <line num="41" count="1" type="stmt"/>
      <line num="42" count="1" type="stmt"/>
      <line num="43" count="1" type="stmt"/>
    </file>
  </project>
</coverage>
