{"/Users/efstathiadisd/Projects/niflheim/packages/core/src/utils/index.ts": {"path":"/Users/efstathiadisd/Projects/niflheim/packages/core/src/utils/index.ts","all":false,"statementMap":{"0":{"start":{"line":1,"column":0},"end":{"line":1,"column":74}},"1":{"start":{"line":2,"column":0},"end":{"line":2,"column":43}},"2":{"start":{"line":3,"column":0},"end":{"line":3,"column":0}},"3":{"start":{"line":4,"column":0},"end":{"line":4,"column":56}},"4":{"start":{"line":5,"column":0},"end":{"line":5,"column":50}},"5":{"start":{"line":6,"column":0},"end":{"line":6,"column":0}},"6":{"start":{"line":7,"column":0},"end":{"line":7,"column":29}},"7":{"start":{"line":8,"column":0},"end":{"line":8,"column":29}},"8":{"start":{"line":9,"column":0},"end":{"line":9,"column":0}},"9":{"start":{"line":10,"column":0},"end":{"line":10,"column":18}},"10":{"start":{"line":11,"column":0},"end":{"line":11,"column":4}},"11":{"start":{"line":12,"column":0},"end":{"line":12,"column":1}},"12":{"start":{"line":13,"column":0},"end":{"line":13,"column":0}},"13":{"start":{"line":14,"column":0},"end":{"line":14,"column":77}},"14":{"start":{"line":15,"column":0},"end":{"line":15,"column":35}},"15":{"start":{"line":16,"column":0},"end":{"line":16,"column":0}},"16":{"start":{"line":17,"column":0},"end":{"line":17,"column":58}},"17":{"start":{"line":18,"column":0},"end":{"line":18,"column":11}},"18":{"start":{"line":19,"column":0},"end":{"line":19,"column":5}},"19":{"start":{"line":20,"column":0},"end":{"line":20,"column":0}},"20":{"start":{"line":21,"column":0},"end":{"line":21,"column":32}},"21":{"start":{"line":22,"column":0},"end":{"line":22,"column":1}},"22":{"start":{"line":23,"column":0},"end":{"line":23,"column":0}},"23":{"start":{"line":24,"column":0},"end":{"line":24,"column":64}},"24":{"start":{"line":25,"column":0},"end":{"line":25,"column":51}},"25":{"start":{"line":26,"column":0},"end":{"line":26,"column":38}},"26":{"start":{"line":27,"column":0},"end":{"line":27,"column":73}},"27":{"start":{"line":28,"column":0},"end":{"line":28,"column":5}},"28":{"start":{"line":29,"column":0},"end":{"line":29,"column":17}},"29":{"start":{"line":30,"column":0},"end":{"line":30,"column":3}},"30":{"start":{"line":31,"column":0},"end":{"line":31,"column":0}},"31":{"start":{"line":32,"column":0},"end":{"line":32,"column":61}},"32":{"start":{"line":33,"column":0},"end":{"line":33,"column":71}},"33":{"start":{"line":34,"column":0},"end":{"line":34,"column":3}},"34":{"start":{"line":35,"column":0},"end":{"line":35,"column":0}},"35":{"start":{"line":36,"column":0},"end":{"line":36,"column":23}},"36":{"start":{"line":37,"column":0},"end":{"line":37,"column":1}},"37":{"start":{"line":38,"column":0},"end":{"line":38,"column":0}},"38":{"start":{"line":39,"column":0},"end":{"line":39,"column":51}},"39":{"start":{"line":40,"column":0},"end":{"line":40,"column":44}},"40":{"start":{"line":41,"column":0},"end":{"line":41,"column":1}},"41":{"start":{"line":42,"column":0},"end":{"line":42,"column":0}},"42":{"start":{"line":43,"column":0},"end":{"line":43,"column":39}}},"s":{"0":1,"1":0,"2":0,"3":0,"4":0,"5":0,"6":0,"7":0,"8":0,"9":0,"10":0,"11":0,"12":0,"13":0,"14":0,"15":0,"16":0,"17":0,"18":0,"19":0,"20":0,"21":0,"22":0,"23":4,"24":4,"25":0,"26":0,"27":0,"28":0,"29":0,"30":0,"31":4,"32":0,"33":0,"34":0,"35":4,"36":4,"37":4,"38":1,"39":1,"40":1,"41":1,"42":1},"branchMap":{"0":{"type":"branch","line":24,"loc":{"start":{"line":24,"column":0},"end":{"line":39,"column":9}},"locations":[{"start":{"line":24,"column":0},"end":{"line":39,"column":9}}]},"1":{"type":"branch","line":25,"loc":{"start":{"line":25,"column":24},"end":{"line":25,"column":50}},"locations":[{"start":{"line":25,"column":24},"end":{"line":25,"column":50}}]},"2":{"type":"branch","line":25,"loc":{"start":{"line":25,"column":50},"end":{"line":32,"column":6}},"locations":[{"start":{"line":25,"column":50},"end":{"line":32,"column":6}}]},"3":{"type":"branch","line":32,"loc":{"start":{"line":32,"column":22},"end":{"line":32,"column":60}},"locations":[{"start":{"line":32,"column":22},"end":{"line":32,"column":60}}]},"4":{"type":"branch","line":32,"loc":{"start":{"line":32,"column":60},"end":{"line":36,"column":9}},"locations":[{"start":{"line":32,"column":60},"end":{"line":36,"column":9}}]}},"b":{"0":[4],"1":[0],"2":[0],"3":[0],"4":[0]},"fnMap":{"0":{"name":"cache","decl":{"start":{"line":1,"column":73},"end":{"line":14,"column":9}},"loc":{"start":{"line":1,"column":73},"end":{"line":14,"column":9}},"line":1},"1":{"name":"log","decl":{"start":{"line":14,"column":0},"end":{"line":24,"column":9}},"loc":{"start":{"line":14,"column":0},"end":{"line":24,"column":9}},"line":14},"2":{"name":"distinct","decl":{"start":{"line":24,"column":0},"end":{"line":39,"column":9}},"loc":{"start":{"line":24,"column":0},"end":{"line":39,"column":9}},"line":24},"3":{"name":"get","decl":{"start":{"line":43,"column":33},"end":{"line":43,"column":39}},"loc":{"start":{"line":43,"column":33},"end":{"line":43,"column":39}},"line":43}},"f":{"0":0,"1":0,"2":4,"3":0}}
}
